<?xml version="1.0" encoding="UTF-8"?>
<!-- Generated by org.testng.reporters.JUnitReportReporter -->
<testsuite hostname="ADMINHO-G0D2BDA" failures="0" tests="1" name="util.BrowserFactory" time="3.187" errors="0" timestamp="2023-07-07T11:35:14 CDT" skipped="0">
  <testcase classname="util.BrowserFactory" name="init" time="3.187"/>
</testsuite> <!-- util.BrowserFactory -->
