<?xml version="1.0" encoding="UTF-8"?>
<!-- Generated by org.testng.reporters.JUnitReportReporter -->
<testsuite hostname="ADMINHO-G0D2BDA" failures="0" tests="1" name="test.AddCustomerTest" time="6.482" errors="0" timestamp="2023-07-09T13:30:28 CDT" skipped="0">
  <testcase classname="test.AddCustomerTest" name="userShouldBeAbleToAddCustomer" time="6.482"/>
</testsuite> <!-- test.AddCustomerTest -->
